0 info it worked if it ends with ok
1 verbose cli [ '/home/osboxes/.linuxbrew/Cellar/node/5.9.0/bin/node',
1 verbose cli   '/home/osboxes/.linuxbrew/bin/npm',
1 verbose cli   'start' ]
2 info using npm@3.7.3
3 info using node@v5.9.0
4 verbose run-script [ 'prestart', 'start', 'poststart' ]
5 info lifecycle HELLOWORLD@2.1.0~prestart: HELLOWORLD@2.1.0
6 silly lifecycle HELLOWORLD@2.1.0~prestart: no script for prestart, continuing
7 info lifecycle HELLOWORLD@2.1.0~start: HELLOWORLD@2.1.0
8 verbose lifecycle HELLOWORLD@2.1.0~start: unsafe-perm in lifecycle true
9 verbose lifecycle HELLOWORLD@2.1.0~start: PATH: /home/osboxes/.linuxbrew/lib/node_modules/npm/bin/node-gyp-bin:/home/osboxes/Documents/ProyectoAngular/node_modules/.bin:/home/osboxes/.linuxbrew/Cellar/node/5.9.0/bin:/home/osboxes/.rbenv/plugins/ruby-build/bin:/home/osboxes/.rbenv/shims:/home/osboxes/.rbenv/bin:/home/osboxes/.linuxbrew/bin:/home/osboxes/.linuxbrew/bin:/usr/local/sbin:/usr/local/bin:/usr/sbin:/usr/bin:/sbin:/bin:/usr/games:/usr/local/games
10 verbose lifecycle HELLOWORLD@2.1.0~start: CWD: /home/osboxes/Documents/ProyectoAngular
11 silly lifecycle HELLOWORLD@2.1.0~start: Args: [ '-c', 'ws -p 8888 -d src/main/' ]
12 info lifecycle HELLOWORLD@2.1.0~start: Failed to exec start script
13 verbose stack Error: HELLOWORLD@2.1.0 start: `ws -p 8888 -d src/main/`
13 verbose stack spawn ENOENT
13 verbose stack     at ChildProcess.<anonymous> (/home/osboxes/.linuxbrew/lib/node_modules/npm/lib/utils/spawn.js:17:16)
13 verbose stack     at emitTwo (events.js:100:13)
13 verbose stack     at ChildProcess.emit (events.js:185:7)
13 verbose stack     at maybeClose (internal/child_process.js:850:16)
13 verbose stack     at Process.ChildProcess._handle.onexit (internal/child_process.js:215:5)
14 verbose pkgid HELLOWORLD@2.1.0
15 verbose cwd /home/osboxes/Documents/ProyectoAngular
16 error Linux 3.19.0-15-generic
17 error argv "/home/osboxes/.linuxbrew/Cellar/node/5.9.0/bin/node" "/home/osboxes/.linuxbrew/bin/npm" "start"
18 error node v5.9.0
19 error npm  v3.7.3
20 error file sh
21 error code ELIFECYCLE
22 error errno ENOENT
23 error syscall spawn
24 error HELLOWORLD@2.1.0 start: `ws -p 8888 -d src/main/`
24 error spawn ENOENT
25 error Failed at the HELLOWORLD@2.1.0 start script 'ws -p 8888 -d src/main/'.
25 error Make sure you have the latest version of node.js and npm installed.
25 error If you do, this is most likely a problem with the HELLOWORLD package,
25 error not with npm itself.
25 error Tell the author that this fails on your system:
25 error     ws -p 8888 -d src/main/
25 error You can get information on how to open an issue for this project with:
25 error     npm bugs HELLOWORLD
25 error Or if that isn't available, you can get their info via:
25 error     npm owner ls HELLOWORLD
25 error There is likely additional logging output above.
26 verbose exit [ 1, true ]
